{"name": "test_eval[chromium-6 * 9-42]", "status": "failed", "statusDetails": {"message": "AssertionError: assert 54 == 42\n +  where 54 = eval('6 * 9')", "trace": "test_input = '6 * 9', expected = 42\n\n    @pytest.mark.parametrize(\"test_input,expected\",\n        [\n            [\"3+5\", 8],\n            [\"2+4\", 6],\n            [\"6 * 9\", 42]\n        ]\n    )\n    def test_eval(test_input, expected):\n>       assert eval(test_input) == expected\nE       AssertionError: assert 54 == 42\nE        +  where 54 = eval('6 * 9')\n\ncases\\test_p.py:12: AssertionError"}, "parameters": [{"name": "browser_name", "value": "'chromium'"}, {"name": "test_input", "value": "'6 * 9'"}, {"name": "expected", "value": "42"}], "start": 1761814130178, "stop": 1761814130178, "uuid": "6395911d-73e9-4652-9f4c-3e826a05ad70", "historyId": "49d74d057deb164e9a468ff5de423592", "testCaseId": "5d14d378b06ebdfd729efbe274ceca15", "fullName": "cases.test_p#test_eval", "labels": [{"name": "parentSuite", "value": "cases"}, {"name": "suite", "value": "test_p"}, {"name": "host", "value": "DESKTOP-PRREJ0J"}, {"name": "thread", "value": "14028-MainThread"}, {"name": "framework", "value": "pytest"}, {"name": "language", "value": "cpython3"}, {"name": "package", "value": "cases.test_p"}], "titlePath": ["cases", "test_p.py"]}