{"name": "用户名为空，点注册", "status": "failed", "statusDetails": {"message": "AssertionError: assert 1 == 2", "trace": "self = <cases.test_register.TestRegister object at 0x000002808D536D50>\n\n    def test_register_1(self):\n        \"\"\"用户名为空，点注册\"\"\"\n        self.register.fill_username('')\n        self.register.fill_password('123456')\n        self.register.click_register_button()\n        # 断言\n>       assert 1==2\nE       assert 1 == 2\n\ncases\\test_register.py:24: AssertionError"}, "description": "用户名为空，点注册", "steps": [{"name": "输入用户名:", "status": "passed", "start": 1761818465343, "stop": 1761818465384}, {"name": "输入密码:123456", "status": "passed", "start": 1761818465384, "stop": 1761818465422}, {"name": "点注册按钮", "status": "passed", "start": 1761818465422, "stop": 1761818465496}], "attachments": [{"name": "stdout", "source": "7965f9a5-0e78-4f8b-9313-90332a2b6eb5-attachment.txt", "type": "text/plain"}], "parameters": [{"name": "browser_name", "value": "'chromium'"}], "start": 1761818465343, "stop": 1761818465496, "uuid": "61f2d657-3ac3-481f-9e22-08510b650398", "historyId": "c50f6d06afabbefa197ad8660af6e604", "testCaseId": "ef0f8a18b839431287fb4f89d1c22211", "fullName": "cases.test_register.TestRegister#test_register_1", "labels": [{"name": "feature", "value": "注册功能"}, {"name": "parentSuite", "value": "cases"}, {"name": "suite", "value": "test_register"}, {"name": "subSuite", "value": "TestRegister"}, {"name": "host", "value": "DESKTOP-PRREJ0J"}, {"name": "thread", "value": "14884-MainThread"}, {"name": "framework", "value": "pytest"}, {"name": "language", "value": "cpython3"}, {"name": "package", "value": "cases.test_register"}], "titlePath": ["cases", "test_register.py", "TestRegister"]}